#
# There is insufficient memory for the Java Runtime Environment to continue.
# Native memory allocation (mmap) failed to map 42991616 bytes for committing reserved memory.
# Possible reasons:
#   The system is out of physical RAM or swap space
#   In 32 bit mode, the process size limit was hit
# Possible solutions:
#   Reduce memory load on the system
#   Increase physical memory or swap space
#   Check if swap backing store is full
#   Use 64 bit Java on a 64 bit OS
#   Decrease Java heap size (-Xmx/-Xms)
#   Decrease number of Java threads
#   Decrease Java thread stack sizes (-Xss)
#   Set larger code cache with -XX:ReservedCodeCacheSize=
# This output file may be truncated or incomplete.
#
#  Out of Memory Error (os_linux.cpp:2627), pid=6159, tid=0x00007f91775c5700
#
# JRE version:  (8.0_112-b224) (build )
# Java VM: OpenJDK 64-Bit Server VM (25.112-b736 mixed mode linux-amd64 compressed oops)
# Failed to write core dump. Core dumps have been disabled. To enable core dumping, try "ulimit -c unlimited" before starting Java again
#

---------------  T H R E A D  ---------------

Current thread (0x00007f917000b800):  JavaThread "Unknown thread" [_thread_in_vm, id=6160, stack(0x00007f91774c5000,0x00007f91775c6000)]

Stack: [0x00007f91774c5000,0x00007f91775c6000],  sp=0x00007f91775c45f0,  free space=1021k
Native frames: (J=compiled Java code, j=interpreted, Vv=VM code, C=native code)
V  [libjvm.so+0x9e476d]  VMError::report_and_die()+0x15d
V  [libjvm.so+0x4b6ada]  report_vm_out_of_memory(char const*, int, unsigned long, VMErrorType, char const*)+0x8a
V  [libjvm.so+0x84c890]  os::pd_commit_memory(char*, unsigned long, unsigned long, bool)+0xf0
V  [libjvm.so+0x8473af]  os::commit_memory(char*, unsigned long, unsigned long, bool)+0x1f
V  [libjvm.so+0x8bd40b]  PSVirtualSpace::expand_by(unsigned long)+0x5b
V  [libjvm.so+0x8bea66]  PSYoungGen::initialize_virtual_space(ReservedSpace, unsigned long)+0x96
V  [libjvm.so+0x8bee5e]  PSYoungGen::initialize(ReservedSpace, unsigned long)+0x3e
V  [libjvm.so+0x2c3be0]  AdjoiningGenerations::AdjoiningGenerations(ReservedSpace, GenerationSizer*, unsigned long)+0x300
V  [libjvm.so+0x870451]  ParallelScavengeHeap::initialize()+0x211
V  [libjvm.so+0x9b05d9]  Universe::initialize_heap()+0x189
V  [libjvm.so+0x9b07d3]  universe_init()+0x33
V  [libjvm.so+0x5ddf25]  init_globals()+0x55
V  [libjvm.so+0x993ce3]  Threads::create_vm(JavaVMInitArgs*, bool*)+0x2b3
V  [libjvm.so+0x64b5e2]  JNI_CreateJavaVM+0x52
C  [libjli.so+0x77c8]  JavaMain+0x88
C  [libpthread.so.0+0x76da]  start_thread+0xca


---------------  P R O C E S S  ---------------

Java Threads: ( => current thread )

Other Threads:

=>0x00007f917000b800 (exited) JavaThread "Unknown thread" [_thread_in_vm, id=6160, stack(0x00007f91774c5000,0x00007f91775c6000)]

VM state:not at safepoint (not fully initialized)

VM Mutex/Monitor currently owned by a thread: None

GC Heap History (0 events):
No events

Deoptimization events (0 events):
No events

Internal exceptions (0 events):
No events

Events (0 events):
No events


Dynamic libraries:
00400000-00401000 r-xp 00000000 08:02 5637712                            /home/nhahv0902/android-studio/jre/jre/bin/java
00600000-00601000 r--p 00000000 08:02 5637712                            /home/nhahv0902/android-studio/jre/jre/bin/java
00601000-00602000 rw-p 00001000 08:02 5637712                            /home/nhahv0902/android-studio/jre/jre/bin/java
0197f000-019a0000 rw-p 00000000 00:00 0                                  [heap]
85000000-d7000000 ---p 00000000 00:00 0 
d9900000-100000000 ---p 00000000 00:00 0 
7f9160c27000-7f9160fff000 ---p 00000000 00:00 0 
7f9160fff000-7f9161000000 rw-p 00000000 00:00 0 
7f9161000000-7f9161270000 rwxp 00000000 00:00 0 
7f9161270000-7f9170000000 ---p 00000000 00:00 0 
7f9170000000-7f9170035000 rw-p 00000000 00:00 0 
7f9170035000-7f9174000000 ---p 00000000 00:00 0 
7f91740e9000-7f9174369000 rw-p 00000000 00:00 0 
7f9174369000-7f917471f000 ---p 00000000 00:00 0 
7f917471f000-7f9174739000 r-xp 00000000 08:02 5637614                    /home/nhahv0902/android-studio/jre/jre/lib/amd64/libzip.so
7f9174739000-7f9174939000 ---p 0001a000 08:02 5637614                    /home/nhahv0902/android-studio/jre/jre/lib/amd64/libzip.so
7f9174939000-7f917493a000 r--p 0001a000 08:02 5637614                    /home/nhahv0902/android-studio/jre/jre/lib/amd64/libzip.so
7f917493a000-7f917493b000 rw-p 0001b000 08:02 5637614                    /home/nhahv0902/android-studio/jre/jre/lib/amd64/libzip.so
7f917493b000-7f9174946000 r-xp 00000000 08:02 10098755                   /lib/x86_64-linux-gnu/libnss_files-2.24.so
7f9174946000-7f9174b45000 ---p 0000b000 08:02 10098755                   /lib/x86_64-linux-gnu/libnss_files-2.24.so
7f9174b45000-7f9174b46000 r--p 0000a000 08:02 10098755                   /lib/x86_64-linux-gnu/libnss_files-2.24.so
7f9174b46000-7f9174b47000 rw-p 0000b000 08:02 10098755                   /lib/x86_64-linux-gnu/libnss_files-2.24.so
7f9174b47000-7f9174b4d000 rw-p 00000000 00:00 0 
7f9174b4d000-7f9174b58000 r-xp 00000000 08:02 10098757                   /lib/x86_64-linux-gnu/libnss_nis-2.24.so
7f9174b58000-7f9174d57000 ---p 0000b000 08:02 10098757                   /lib/x86_64-linux-gnu/libnss_nis-2.24.so
7f9174d57000-7f9174d58000 r--p 0000a000 08:02 10098757                   /lib/x86_64-linux-gnu/libnss_nis-2.24.so
7f9174d58000-7f9174d59000 rw-p 0000b000 08:02 10098757                   /lib/x86_64-linux-gnu/libnss_nis-2.24.so
7f9174d59000-7f9174d6f000 r-xp 00000000 08:02 10098752                   /lib/x86_64-linux-gnu/libnsl-2.24.so
7f9174d6f000-7f9174f6e000 ---p 00016000 08:02 10098752                   /lib/x86_64-linux-gnu/libnsl-2.24.so
7f9174f6e000-7f9174f6f000 r--p 00015000 08:02 10098752                   /lib/x86_64-linux-gnu/libnsl-2.24.so
7f9174f6f000-7f9174f70000 rw-p 00016000 08:02 10098752                   /lib/x86_64-linux-gnu/libnsl-2.24.so
7f9174f70000-7f9174f72000 rw-p 00000000 00:00 0 
7f9174f72000-7f9174f7a000 r-xp 00000000 08:02 10098753                   /lib/x86_64-linux-gnu/libnss_compat-2.24.so
7f9174f7a000-7f9175179000 ---p 00008000 08:02 10098753                   /lib/x86_64-linux-gnu/libnss_compat-2.24.so
7f9175179000-7f917517a000 r--p 00007000 08:02 10098753                   /lib/x86_64-linux-gnu/libnss_compat-2.24.so
7f917517a000-7f917517b000 rw-p 00008000 08:02 10098753                   /lib/x86_64-linux-gnu/libnss_compat-2.24.so
7f917517b000-7f91751a8000 r-xp 00000000 08:02 5637628                    /home/nhahv0902/android-studio/jre/jre/lib/amd64/libjava.so
7f91751a8000-7f91753a7000 ---p 0002d000 08:02 5637628                    /home/nhahv0902/android-studio/jre/jre/lib/amd64/libjava.so
7f91753a7000-7f91753a8000 r--p 0002c000 08:02 5637628                    /home/nhahv0902/android-studio/jre/jre/lib/amd64/libjava.so
7f91753a8000-7f91753aa000 rw-p 0002d000 08:02 5637628                    /home/nhahv0902/android-studio/jre/jre/lib/amd64/libjava.so
7f91753aa000-7f91753ba000 r-xp 00000000 08:02 5637635                    /home/nhahv0902/android-studio/jre/jre/lib/amd64/libverify.so
7f91753ba000-7f91755b9000 ---p 00010000 08:02 5637635                    /home/nhahv0902/android-studio/jre/jre/lib/amd64/libverify.so
7f91755b9000-7f91755bb000 r--p 0000f000 08:02 5637635                    /home/nhahv0902/android-studio/jre/jre/lib/amd64/libverify.so
7f91755bb000-7f91755bc000 rw-p 00011000 08:02 5637635                    /home/nhahv0902/android-studio/jre/jre/lib/amd64/libverify.so
7f91755bc000-7f91755c3000 r-xp 00000000 08:02 10098762                   /lib/x86_64-linux-gnu/librt-2.24.so
7f91755c3000-7f91757c2000 ---p 00007000 08:02 10098762                   /lib/x86_64-linux-gnu/librt-2.24.so
7f91757c2000-7f91757c3000 r--p 00006000 08:02 10098762                   /lib/x86_64-linux-gnu/librt-2.24.so
7f91757c3000-7f91757c4000 rw-p 00007000 08:02 10098762                   /lib/x86_64-linux-gnu/librt-2.24.so
7f91757c4000-7f91758cc000 r-xp 00000000 08:02 10098749                   /lib/x86_64-linux-gnu/libm-2.24.so
7f91758cc000-7f9175acb000 ---p 00108000 08:02 10098749                   /lib/x86_64-linux-gnu/libm-2.24.so
7f9175acb000-7f9175acc000 r--p 00107000 08:02 10098749                   /lib/x86_64-linux-gnu/libm-2.24.so
7f9175acc000-7f9175acd000 rw-p 00108000 08:02 10098749                   /lib/x86_64-linux-gnu/libm-2.24.so
7f9175acd000-7f91766bd000 r-xp 00000000 08:02 5637632                    /home/nhahv0902/android-studio/jre/jre/lib/amd64/server/libjvm.so
7f91766bd000-7f91768bd000 ---p 00bf0000 08:02 5637632                    /home/nhahv0902/android-studio/jre/jre/lib/amd64/server/libjvm.so
7f91768bd000-7f917695c000 r--p 00bf0000 08:02 5637632                    /home/nhahv0902/android-studio/jre/jre/lib/amd64/server/libjvm.so
7f917695c000-7f9176985000 rw-p 00c8f000 08:02 5637632                    /home/nhahv0902/android-studio/jre/jre/lib/amd64/server/libjvm.so
7f9176985000-7f91769c9000 rw-p 00000000 00:00 0 
7f91769c9000-7f91769e1000 r-xp 00000000 08:02 10098760                   /lib/x86_64-linux-gnu/libpthread-2.24.so
7f91769e1000-7f9176be1000 ---p 00018000 08:02 10098760                   /lib/x86_64-linux-gnu/libpthread-2.24.so
7f9176be1000-7f9176be2000 r--p 00018000 08:02 10098760                   /lib/x86_64-linux-gnu/libpthread-2.24.so
7f9176be2000-7f9176be3000 rw-p 00019000 08:02 10098760                   /lib/x86_64-linux-gnu/libpthread-2.24.so
7f9176be3000-7f9176be7000 rw-p 00000000 00:00 0 
7f9176be7000-7f9176bea000 r-xp 00000000 08:02 10098748                   /lib/x86_64-linux-gnu/libdl-2.24.so
7f9176bea000-7f9176de9000 ---p 00003000 08:02 10098748                   /lib/x86_64-linux-gnu/libdl-2.24.so
7f9176de9000-7f9176dea000 r--p 00002000 08:02 10098748                   /lib/x86_64-linux-gnu/libdl-2.24.so
7f9176dea000-7f9176deb000 rw-p 00003000 08:02 10098748                   /lib/x86_64-linux-gnu/libdl-2.24.so
7f9176deb000-7f9176fa9000 r-xp 00000000 08:02 10098745                   /lib/x86_64-linux-gnu/libc-2.24.so
7f9176fa9000-7f91771a8000 ---p 001be000 08:02 10098745                   /lib/x86_64-linux-gnu/libc-2.24.so
7f91771a8000-7f91771ac000 r--p 001bd000 08:02 10098745                   /lib/x86_64-linux-gnu/libc-2.24.so
7f91771ac000-7f91771ae000 rw-p 001c1000 08:02 10098745                   /lib/x86_64-linux-gnu/libc-2.24.so
7f91771ae000-7f91771b2000 rw-p 00000000 00:00 0 
7f91771b2000-7f91771c8000 r-xp 00000000 08:02 5637637                    /home/nhahv0902/android-studio/jre/jre/lib/amd64/jli/libjli.so
7f91771c8000-7f91773c7000 ---p 00016000 08:02 5637637                    /home/nhahv0902/android-studio/jre/jre/lib/amd64/jli/libjli.so
7f91773c7000-7f91773c8000 r--p 00015000 08:02 5637637                    /home/nhahv0902/android-studio/jre/jre/lib/amd64/jli/libjli.so
7f91773c8000-7f91773c9000 rw-p 00016000 08:02 5637637                    /home/nhahv0902/android-studio/jre/jre/lib/amd64/jli/libjli.so
7f91773c9000-7f91773ef000 r-xp 00000000 08:02 10098741                   /lib/x86_64-linux-gnu/ld-2.24.so
7f91774c5000-7f91774c8000 ---p 00000000 00:00 0 
7f91774c8000-7f91775c8000 rw-p 00000000 00:00 0 
7f91775e1000-7f91775e9000 rw-s 00000000 08:02 2492320                    /tmp/hsperfdata_nhahv0902/6159
7f91775e9000-7f91775ea000 rw-p 00000000 00:00 0 
7f91775ea000-7f91775eb000 r--p 00000000 00:00 0 
7f91775eb000-7f91775ee000 rw-p 00000000 00:00 0 
7f91775ee000-7f91775ef000 r--p 00025000 08:02 10098741                   /lib/x86_64-linux-gnu/ld-2.24.so
7f91775ef000-7f91775f0000 rw-p 00026000 08:02 10098741                   /lib/x86_64-linux-gnu/ld-2.24.so
7f91775f0000-7f91775f1000 rw-p 00000000 00:00 0 
7ffc365a7000-7ffc366c9000 rw-p 00000000 00:00 0                          [stack]
7ffc3676d000-7ffc3676f000 r--p 00000000 00:00 0                          [vvar]
7ffc3676f000-7ffc36771000 r-xp 00000000 00:00 0                          [vdso]
ffffffffff600000-ffffffffff601000 r-xp 00000000 00:00 0                  [vsyscall]

VM Arguments:
java_command: org.jetbrains.kotlin.cli.jvm.K2JVMCompiler -d /home/nhahv0902/Documents/Kotlin_Note/app/build/tmp/kapt/debug/classFileStubs -cp /home/nhahv0902/.gradle/caches/transforms-1/files-1.1/adapters-1.3.1.aar/cdd8c9029e765c82a428f6ac62ba1a1a/jars/classes.jar:/home/nhahv0902/.gradle/caches/transforms-1/files-1.1/library-1.3.1.aar/8a95bcd6518481c74ef7d67043858c2f/jars/classes.jar:/home/nhahv0902/android-studio/gradle/m2repository/com/android/databinding/baseLibrary/3.0.0-alpha4/baseLibrary-3.0.0-alpha4.jar:/home/nhahv0902/android-studio/gradle/m2repository/org/jetbrains/kotlin/kotlin-stdlib-jre7/1.1.2-4/kotlin-stdlib-jre7-1.1.2-4.jar:/home/nhahv0902/.gradle/caches/transforms-1/files-1.1/design-25.4.0.aar/d2701f5723be53aa6819e76fb766dffa/jars/classes.jar:/home/nhahv0902/.gradle/caches/transforms-1/files-1.1/appcompat-v7-25.4.0.aar/6eecaa6e24c23239f1f527b8af1af152/jars/classes.jar:/home/nhahv0902/.gradle/caches/transforms-1/files-1.1/animated-vector-drawable-25.4.0.aar/d62ac353ba35705e2d4f53e354de21bd/jars/classes.jar:/home/nhahv0902/.gradle/caches/transforms-1/files-1.1/support-vector-drawable-25.4.0.aar/b70aaf18c2845a3dd545d0fc0f2d297e/jars/classes.jar:/home/nhahv0902/.gradle/caches/transforms-1/files-1.1/constraint-layout-1.0.2.aar/8fcd359f6ba8b99a4a7b6355999b80ae/jars/classes.jar:/home/nhahv0902/.gradle/caches/transforms-1/files-1.1/transition-25.4.0.aar/1df1ae4920ef5bfcfa8d9fc67ee48eee/jars/classes.jar:/home/nhahv0902/.gradle/caches/transforms-1/files-1.1/support-v4-25.4.0.aar/c1a9508bda1da5bf70702f38a1a26f37/jars/classes.jar:/home/nhahv0902/android-studio/gradle/m2repository/org/jetbrains/kotlin/kotlin-stdlib/1.1.2-4/kotlin-stdlib-1.1.2-4.jar:/home/nhahv0902/.gradle/caches/transforms-1/files-1.1/recyclerview-v7-25.4.0.aar/33ab9240faade831c20da60f5c307fe2/jars/classes.jar:/home/nhahv0902/.gradle/caches/transforms-1/files-1.1/support-fragment-25.4.0.aar/e8d80bb604589e47e8aa7df8b637e9e0/jars/classes.jar:/home/nhahv0902/.gradle/caches/transforms-1/files-1.1/su
java_class_path (initial): /home/nhahv0902/.gradle/caches/jars-3/b9e86258f18c08ee08f54ca052ae6b24/kotlin-compiler-embeddable-1.1.2-4.jar:/home/nhahv0902/android-studio/jre/lib/tools.jar
Launcher Type: SUN_STANDARD

Environment Variables:
JAVA_HOME=/usr/local/java
PATH=/usr/local/sbin:/usr/local/bin:/usr/sbin:/usr/bin:/sbin:/bin:/usr/games:/usr/local/games:/snap/bin:/home/nhahv0902/bin:/usr/local/java/bin
LD_LIBRARY_PATH=.:
SHELL=/usr/bin/fish
DISPLAY=:0

Signal Handlers:
SIGSEGV: [libjvm.so+0x9e5260], sa_mask[0]=11111111011111111101111111111110, sa_flags=SA_RESTART|SA_SIGINFO
SIGBUS: [libjvm.so+0x9e5260], sa_mask[0]=11111111011111111101111111111110, sa_flags=SA_RESTART|SA_SIGINFO
SIGFPE: [libjvm.so+0x848480], sa_mask[0]=11111111011111111101111111111110, sa_flags=SA_RESTART|SA_SIGINFO
SIGPIPE: [libjvm.so+0x848480], sa_mask[0]=11111111011111111101111111111110, sa_flags=SA_RESTART|SA_SIGINFO
SIGXFSZ: [libjvm.so+0x848480], sa_mask[0]=11111111011111111101111111111110, sa_flags=SA_RESTART|SA_SIGINFO
SIGILL: [libjvm.so+0x848480], sa_mask[0]=11111111011111111101111111111110, sa_flags=SA_RESTART|SA_SIGINFO
SIGUSR1: SIG_DFL, sa_mask[0]=00000000000000000000000000000000, sa_flags=none
SIGUSR2: [libjvm.so+0x848350], sa_mask[0]=00100000000000000000000000000000, sa_flags=SA_RESTART|SA_SIGINFO
SIGHUP: SIG_DFL, sa_mask[0]=00000000000000000000000000000000, sa_flags=none
SIGINT: SIG_DFL, sa_mask[0]=00000000000000000000000000000000, sa_flags=none
SIGTERM: SIG_DFL, sa_mask[0]=00000000000000000000000000000000, sa_flags=none
SIGQUIT: SIG_DFL, sa_mask[0]=00000000000000000000000000000000, sa_flags=none


---------------  S Y S T E M  ---------------

OS:DISTRIB_ID=Ubuntu
DISTRIB_RELEASE=17.04
DISTRIB_CODENAME=zesty
DISTRIB_DESCRIPTION="Ubuntu 17.04"

uname:Linux 4.10.0-24-generic #28-Ubuntu SMP Wed Jun 14 08:14:34 UTC 2017 x86_64
libc:glibc 2.24 NPTL 2.24 
rlimit: STACK 8192k, CORE 0k, NPROC 30838, NOFILE 4096, AS infinity
load average:4.80 1.98 1.24

/proc/meminfo:
MemTotal:        8060908 kB
MemFree:          106632 kB
MemAvailable:       5960 kB
Buffers:             540 kB
Cached:           603552 kB
SwapCached:         2104 kB
Active:          6823452 kB
Inactive:         863240 kB
Active(anon):    6811408 kB
Inactive(anon):   851424 kB
Active(file):      12044 kB
Inactive(file):    11816 kB
Unevictable:         688 kB
Mlocked:             688 kB
SwapTotal:       2097148 kB
SwapFree:              0 kB
Dirty:                28 kB
Writeback:           300 kB
AnonPages:       7082484 kB
Mapped:           207764 kB
Shmem:            580340 kB
Slab:             114864 kB
SReclaimable:      54648 kB
SUnreclaim:        60216 kB
KernelStack:       14912 kB
PageTables:        74884 kB
NFS_Unstable:          0 kB
Bounce:                0 kB
WritebackTmp:          0 kB
CommitLimit:     6127600 kB
Committed_AS:   16770432 kB
VmallocTotal:   34359738367 kB
VmallocUsed:           0 kB
VmallocChunk:          0 kB
HardwareCorrupted:     0 kB
AnonHugePages:   1484800 kB
ShmemHugePages:        0 kB
ShmemPmdMapped:        0 kB
CmaTotal:              0 kB
CmaFree:               0 kB
HugePages_Total:       0
HugePages_Free:        0
HugePages_Rsvd:        0
HugePages_Surp:        0
Hugepagesize:       2048 kB
DirectMap4k:      287264 kB
DirectMap2M:     7991296 kB
DirectMap1G:           0 kB


CPU:total 4 (4 cores per cpu, 1 threads per core) family 6 model 94 stepping 3, cmov, cx8, fxsr, mmx, sse, sse2, sse3, ssse3, sse4.1, sse4.2, popcnt, avx, avx2, aes, clmul, erms, 3dnowpref, lzcnt, tsc, tscinvbit, bmi1, bmi2, adx

/proc/cpuinfo:
processor	: 0
vendor_id	: GenuineIntel
cpu family	: 6
model		: 94
model name	: Intel(R) Core(TM) i5-6400 CPU @ 2.70GHz
stepping	: 3
microcode	: 0xa6
cpu MHz		: 3099.957
cache size	: 6144 KB
physical id	: 0
siblings	: 4
core id		: 0
cpu cores	: 4
apicid		: 0
initial apicid	: 0
fpu		: yes
fpu_exception	: yes
cpuid level	: 22
wp		: yes
flags		: fpu vme de pse tsc msr pae mce cx8 apic sep mtrr pge mca cmov pat pse36 clflush dts acpi mmx fxsr sse sse2 ss ht tm pbe syscall nx pdpe1gb rdtscp lm constant_tsc art arch_perfmon pebs bts rep_good nopl xtopology nonstop_tsc aperfmperf tsc_known_freq pni pclmulqdq dtes64 monitor ds_cpl vmx est tm2 ssse3 sdbg fma cx16 xtpr pdcm pcid sse4_1 sse4_2 x2apic movbe popcnt tsc_deadline_timer aes xsave avx f16c rdrand lahf_lm abm 3dnowprefetch intel_pt tpr_shadow vnmi flexpriority ept vpid fsgsbase tsc_adjust bmi1 avx2 smep bmi2 erms invpcid mpx rdseed adx smap clflushopt xsaveopt xsavec xgetbv1 xsaves dtherm ida arat pln pts hwp hwp_notify hwp_act_window hwp_epp
bugs		:
bogomips	: 5424.00
clflush size	: 64
cache_alignment	: 64
address sizes	: 39 bits physical, 48 bits virtual
power management:

processor	: 1
vendor_id	: GenuineIntel
cpu family	: 6
model		: 94
model name	: Intel(R) Core(TM) i5-6400 CPU @ 2.70GHz
stepping	: 3
microcode	: 0xa6
cpu MHz		: 3099.957
cache size	: 6144 KB
physical id	: 0
siblings	: 4
core id		: 1
cpu cores	: 4
apicid		: 2
initial apicid	: 2
fpu		: yes
fpu_exception	: yes
cpuid level	: 22
wp		: yes
flags		: fpu vme de pse tsc msr pae mce cx8 apic sep mtrr pge mca cmov pat pse36 clflush dts acpi mmx fxsr sse sse2 ss ht tm pbe syscall nx pdpe1gb rdtscp lm constant_tsc art arch_perfmon pebs bts rep_good nopl xtopology nonstop_tsc aperfmperf tsc_known_freq pni pclmulqdq dtes64 monitor ds_cpl vmx est tm2 ssse3 sdbg fma cx16 xtpr pdcm pcid sse4_1 sse4_2 x2apic movbe popcnt tsc_deadline_timer aes xsave avx f16c rdrand lahf_lm abm 3dnowprefetch intel_pt tpr_shadow vnmi flexpriority ept vpid fsgsbase tsc_adjust bmi1 avx2 smep bmi2 erms invpcid mpx rdseed adx smap clflushopt xsaveopt xsavec xgetbv1 xsaves dtherm ida arat pln pts hwp hwp_notify hwp_act_window hwp_epp
bugs		:
bogomips	: 5424.00
clflush size	: 64
cache_alignment	: 64
address sizes	: 39 bits physical, 48 bits virtual
power management:

processor	: 2
vendor_id	: GenuineIntel
cpu family	: 6
model		: 94
model name	: Intel(R) Core(TM) i5-6400 CPU @ 2.70GHz
stepping	: 3
microcode	: 0xa6
cpu MHz		: 3099.957
cache size	: 6144 KB
physical id	: 0
siblings	: 4
core id		: 2
cpu cores	: 4
apicid		: 4
initial apicid	: 4
fpu		: yes
fpu_exception	: yes
cpuid level	: 22
wp		: yes
flags		: fpu vme de pse tsc msr pae mce cx8 apic sep mtrr pge mca cmov pat pse36 clflush dts acpi mmx fxsr sse sse2 ss ht tm pbe syscall nx pdpe1gb rdtscp lm constant_tsc art arch_perfmon pebs bts rep_good nopl xtopology nonstop_tsc aperfmperf tsc_known_freq pni pclmulqdq dtes64 monitor ds_cpl vmx est tm2 ssse3 sdbg fma cx16 xtpr pdcm pcid sse4_1 sse4_2 x2apic movbe popcnt tsc_deadline_timer aes xsave avx f16c rdrand lahf_lm abm 3dnowprefetch intel_pt tpr_shadow vnmi flexpriority ept vpid fsgsbase tsc_adjust bmi1 avx2 smep bmi2 erms invpcid mpx rdseed adx smap clflushopt xsaveopt xsavec xgetbv1 xsaves dtherm ida arat pln pts hwp hwp_notify hwp_act_window hwp_epp
bugs		:
bogomips	: 5424.00
clflush size	: 64
cache_alignment	: 64
address sizes	: 39 bits physical, 48 bits virtual
power management:

processor	: 3
vendor_id	: GenuineIntel
cpu family	: 6
model		: 94
model name	: Intel(R) Core(TM) i5-6400 CPU @ 2.70GHz
stepping	: 3
microcode	: 0xa6
cpu MHz		: 3095.837
cache size	: 6144 KB
physical id	: 0
siblings	: 4
core id		: 3
cpu cores	: 4
apicid		: 6
initial apicid	: 6
fpu		: yes
fpu_exception	: yes
cpuid level	: 22
wp		: yes
flags		: fpu vme de pse tsc msr pae mce cx8 apic sep mtrr pge mca cmov pat pse36 clflush dts acpi mmx fxsr sse sse2 ss ht tm pbe syscall nx pdpe1gb rdtscp lm constant_tsc art arch_perfmon pebs bts rep_good nopl xtopology nonstop_tsc aperfmperf tsc_known_freq pni pclmulqdq dtes64 monitor ds_cpl vmx est tm2 ssse3 sdbg fma cx16 xtpr pdcm pcid sse4_1 sse4_2 x2apic movbe popcnt tsc_deadline_timer aes xsave avx f16c rdrand lahf_lm abm 3dnowprefetch intel_pt tpr_shadow vnmi flexpriority ept vpid fsgsbase tsc_adjust bmi1 avx2 smep bmi2 erms invpcid mpx rdseed adx smap clflushopt xsaveopt xsavec xgetbv1 xsaves dtherm ida arat pln pts hwp hwp_notify hwp_act_window hwp_epp
bugs		:
bogomips	: 5424.00
clflush size	: 64
cache_alignment	: 64
address sizes	: 39 bits physical, 48 bits virtual
power management:



Memory: 4k page, physical 8060908k(106360k free), swap 2097148k(4k free)

vm_info: OpenJDK 64-Bit Server VM (25.112-b736) for linux-amd64 JRE (1.8.0_112-release-b736), built on Mar  6 2017 09:31:19 by "builder" with gcc 4.8.4

time: Thu Jun 22 13:27:57 2017
elapsed time: 0 seconds (0d 0h 0m 0s)

