#
# There is insufficient memory for the Java Runtime Environment to continue.
# Native memory allocation (mmap) failed to map 87031808 bytes for committing reserved memory.
# Possible reasons:
#   The system is out of physical RAM or swap space
#   In 32 bit mode, the process size limit was hit
# Possible solutions:
#   Reduce memory load on the system
#   Increase physical memory or swap space
#   Check if swap backing store is full
#   Use 64 bit Java on a 64 bit OS
#   Decrease Java heap size (-Xmx/-Xms)
#   Decrease number of Java threads
#   Decrease Java thread stack sizes (-Xss)
#   Set larger code cache with -XX:ReservedCodeCacheSize=
# This output file may be truncated or incomplete.
#
#  Out of Memory Error (os_linux.cpp:2627), pid=6151, tid=0x00007f5053610700
#
# JRE version:  (8.0_112-b224) (build )
# Java VM: OpenJDK 64-Bit Server VM (25.112-b736 mixed mode linux-amd64 compressed oops)
# Failed to write core dump. Core dumps have been disabled. To enable core dumping, try "ulimit -c unlimited" before starting Java again
#

---------------  T H R E A D  ---------------

Current thread (0x00007f504c00a000):  JavaThread "Unknown thread" [_thread_in_vm, id=6152, stack(0x00007f5053510000,0x00007f5053611000)]

Stack: [0x00007f5053510000,0x00007f5053611000],  sp=0x00007f505360f630,  free space=1021k
Native frames: (J=compiled Java code, j=interpreted, Vv=VM code, C=native code)
V  [libjvm.so+0x9e476d]  VMError::report_and_die()+0x15d
V  [libjvm.so+0x4b6ada]  report_vm_out_of_memory(char const*, int, unsigned long, VMErrorType, char const*)+0x8a
V  [libjvm.so+0x84c890]  os::pd_commit_memory(char*, unsigned long, unsigned long, bool)+0xf0
V  [libjvm.so+0x8473af]  os::commit_memory(char*, unsigned long, unsigned long, bool)+0x1f
V  [libjvm.so+0x8bd40b]  PSVirtualSpace::expand_by(unsigned long)+0x5b
V  [libjvm.so+0x8af388]  PSOldGen::initialize(ReservedSpace, unsigned long, char const*, int)+0xa8
V  [libjvm.so+0x2c3c33]  AdjoiningGenerations::AdjoiningGenerations(ReservedSpace, GenerationSizer*, unsigned long)+0x353
V  [libjvm.so+0x870451]  ParallelScavengeHeap::initialize()+0x211
V  [libjvm.so+0x9b05d9]  Universe::initialize_heap()+0x189
V  [libjvm.so+0x9b07d3]  universe_init()+0x33
V  [libjvm.so+0x5ddf25]  init_globals()+0x55
V  [libjvm.so+0x993ce3]  Threads::create_vm(JavaVMInitArgs*, bool*)+0x2b3
V  [libjvm.so+0x64b5e2]  JNI_CreateJavaVM+0x52
C  [libjli.so+0x77c8]  JavaMain+0x88
C  [libpthread.so.0+0x76da]  start_thread+0xca


---------------  P R O C E S S  ---------------

Java Threads: ( => current thread )

Other Threads:

=>0x00007f504c00a000 (exited) JavaThread "Unknown thread" [_thread_in_vm, id=6152, stack(0x00007f5053510000,0x00007f5053611000)]

VM state:not at safepoint (not fully initialized)

VM Mutex/Monitor currently owned by a thread: None

GC Heap History (0 events):
No events

Deoptimization events (0 events):
No events

Internal exceptions (0 events):
No events

Events (0 events):
No events


Dynamic libraries:
00400000-00401000 r-xp 00000000 08:02 5637712                            /home/nhahv0902/android-studio/jre/jre/bin/java
00600000-00601000 r--p 00000000 08:02 5637712                            /home/nhahv0902/android-studio/jre/jre/bin/java
00601000-00602000 rw-p 00001000 08:02 5637712                            /home/nhahv0902/android-studio/jre/jre/bin/java
01671000-01692000 rw-p 00000000 00:00 0                                  [heap]
a5300000-e0000000 ---p 00000000 00:00 0 
e0000000-e2900000 rw-p 00000000 00:00 0 
e2900000-100000000 ---p 00000000 00:00 0 
7f503cd8a000-7f503d000000 rw-p 00000000 00:00 0 
7f503d000000-7f503d270000 rwxp 00000000 00:00 0 
7f503d270000-7f504c000000 ---p 00000000 00:00 0 
7f504c000000-7f504c034000 rw-p 00000000 00:00 0 
7f504c034000-7f5050000000 ---p 00000000 00:00 0 
7f50500a9000-7f50502a9000 ---p 00000000 00:00 0 
7f50502a9000-7f50502be000 rw-p 00000000 00:00 0 
7f50502be000-7f50503a9000 ---p 00000000 00:00 0 
7f50503a9000-7f50503b4000 rw-p 00000000 00:00 0 
7f50503b4000-7f505076a000 ---p 00000000 00:00 0 
7f505076a000-7f5050784000 r-xp 00000000 08:02 5637614                    /home/nhahv0902/android-studio/jre/jre/lib/amd64/libzip.so
7f5050784000-7f5050984000 ---p 0001a000 08:02 5637614                    /home/nhahv0902/android-studio/jre/jre/lib/amd64/libzip.so
7f5050984000-7f5050985000 r--p 0001a000 08:02 5637614                    /home/nhahv0902/android-studio/jre/jre/lib/amd64/libzip.so
7f5050985000-7f5050986000 rw-p 0001b000 08:02 5637614                    /home/nhahv0902/android-studio/jre/jre/lib/amd64/libzip.so
7f5050986000-7f5050991000 r-xp 00000000 08:02 10098755                   /lib/x86_64-linux-gnu/libnss_files-2.24.so
7f5050991000-7f5050b90000 ---p 0000b000 08:02 10098755                   /lib/x86_64-linux-gnu/libnss_files-2.24.so
7f5050b90000-7f5050b91000 r--p 0000a000 08:02 10098755                   /lib/x86_64-linux-gnu/libnss_files-2.24.so
7f5050b91000-7f5050b92000 rw-p 0000b000 08:02 10098755                   /lib/x86_64-linux-gnu/libnss_files-2.24.so
7f5050b92000-7f5050b98000 rw-p 00000000 00:00 0 
7f5050b98000-7f5050ba3000 r-xp 00000000 08:02 10098757                   /lib/x86_64-linux-gnu/libnss_nis-2.24.so
7f5050ba3000-7f5050da2000 ---p 0000b000 08:02 10098757                   /lib/x86_64-linux-gnu/libnss_nis-2.24.so
7f5050da2000-7f5050da3000 r--p 0000a000 08:02 10098757                   /lib/x86_64-linux-gnu/libnss_nis-2.24.so
7f5050da3000-7f5050da4000 rw-p 0000b000 08:02 10098757                   /lib/x86_64-linux-gnu/libnss_nis-2.24.so
7f5050da4000-7f5050dba000 r-xp 00000000 08:02 10098752                   /lib/x86_64-linux-gnu/libnsl-2.24.so
7f5050dba000-7f5050fb9000 ---p 00016000 08:02 10098752                   /lib/x86_64-linux-gnu/libnsl-2.24.so
7f5050fb9000-7f5050fba000 r--p 00015000 08:02 10098752                   /lib/x86_64-linux-gnu/libnsl-2.24.so
7f5050fba000-7f5050fbb000 rw-p 00016000 08:02 10098752                   /lib/x86_64-linux-gnu/libnsl-2.24.so
7f5050fbb000-7f5050fbd000 rw-p 00000000 00:00 0 
7f5050fbd000-7f5050fc5000 r-xp 00000000 08:02 10098753                   /lib/x86_64-linux-gnu/libnss_compat-2.24.so
7f5050fc5000-7f50511c4000 ---p 00008000 08:02 10098753                   /lib/x86_64-linux-gnu/libnss_compat-2.24.so
7f50511c4000-7f50511c5000 r--p 00007000 08:02 10098753                   /lib/x86_64-linux-gnu/libnss_compat-2.24.so
7f50511c5000-7f50511c6000 rw-p 00008000 08:02 10098753                   /lib/x86_64-linux-gnu/libnss_compat-2.24.so
7f50511c6000-7f50511f3000 r-xp 00000000 08:02 5637628                    /home/nhahv0902/android-studio/jre/jre/lib/amd64/libjava.so
7f50511f3000-7f50513f2000 ---p 0002d000 08:02 5637628                    /home/nhahv0902/android-studio/jre/jre/lib/amd64/libjava.so
7f50513f2000-7f50513f3000 r--p 0002c000 08:02 5637628                    /home/nhahv0902/android-studio/jre/jre/lib/amd64/libjava.so
7f50513f3000-7f50513f5000 rw-p 0002d000 08:02 5637628                    /home/nhahv0902/android-studio/jre/jre/lib/amd64/libjava.so
7f50513f5000-7f5051405000 r-xp 00000000 08:02 5637635                    /home/nhahv0902/android-studio/jre/jre/lib/amd64/libverify.so
7f5051405000-7f5051604000 ---p 00010000 08:02 5637635                    /home/nhahv0902/android-studio/jre/jre/lib/amd64/libverify.so
7f5051604000-7f5051606000 r--p 0000f000 08:02 5637635                    /home/nhahv0902/android-studio/jre/jre/lib/amd64/libverify.so
7f5051606000-7f5051607000 rw-p 00011000 08:02 5637635                    /home/nhahv0902/android-studio/jre/jre/lib/amd64/libverify.so
7f5051607000-7f505160e000 r-xp 00000000 08:02 10098762                   /lib/x86_64-linux-gnu/librt-2.24.so
7f505160e000-7f505180d000 ---p 00007000 08:02 10098762                   /lib/x86_64-linux-gnu/librt-2.24.so
7f505180d000-7f505180e000 r--p 00006000 08:02 10098762                   /lib/x86_64-linux-gnu/librt-2.24.so
7f505180e000-7f505180f000 rw-p 00007000 08:02 10098762                   /lib/x86_64-linux-gnu/librt-2.24.so
7f505180f000-7f5051917000 r-xp 00000000 08:02 10098749                   /lib/x86_64-linux-gnu/libm-2.24.so
7f5051917000-7f5051b16000 ---p 00108000 08:02 10098749                   /lib/x86_64-linux-gnu/libm-2.24.so
7f5051b16000-7f5051b17000 r--p 00107000 08:02 10098749                   /lib/x86_64-linux-gnu/libm-2.24.so
7f5051b17000-7f5051b18000 rw-p 00108000 08:02 10098749                   /lib/x86_64-linux-gnu/libm-2.24.so
7f5051b18000-7f5052708000 r-xp 00000000 08:02 5637632                    /home/nhahv0902/android-studio/jre/jre/lib/amd64/server/libjvm.so
7f5052708000-7f5052908000 ---p 00bf0000 08:02 5637632                    /home/nhahv0902/android-studio/jre/jre/lib/amd64/server/libjvm.so
7f5052908000-7f50529a7000 r--p 00bf0000 08:02 5637632                    /home/nhahv0902/android-studio/jre/jre/lib/amd64/server/libjvm.so
7f50529a7000-7f50529d0000 rw-p 00c8f000 08:02 5637632                    /home/nhahv0902/android-studio/jre/jre/lib/amd64/server/libjvm.so
7f50529d0000-7f5052a14000 rw-p 00000000 00:00 0 
7f5052a14000-7f5052a2c000 r-xp 00000000 08:02 10098760                   /lib/x86_64-linux-gnu/libpthread-2.24.so
7f5052a2c000-7f5052c2c000 ---p 00018000 08:02 10098760                   /lib/x86_64-linux-gnu/libpthread-2.24.so
7f5052c2c000-7f5052c2d000 r--p 00018000 08:02 10098760                   /lib/x86_64-linux-gnu/libpthread-2.24.so
7f5052c2d000-7f5052c2e000 rw-p 00019000 08:02 10098760                   /lib/x86_64-linux-gnu/libpthread-2.24.so
7f5052c2e000-7f5052c32000 rw-p 00000000 00:00 0 
7f5052c32000-7f5052c35000 r-xp 00000000 08:02 10098748                   /lib/x86_64-linux-gnu/libdl-2.24.so
7f5052c35000-7f5052e34000 ---p 00003000 08:02 10098748                   /lib/x86_64-linux-gnu/libdl-2.24.so
7f5052e34000-7f5052e35000 r--p 00002000 08:02 10098748                   /lib/x86_64-linux-gnu/libdl-2.24.so
7f5052e35000-7f5052e36000 rw-p 00003000 08:02 10098748                   /lib/x86_64-linux-gnu/libdl-2.24.so
7f5052e36000-7f5052ff4000 r-xp 00000000 08:02 10098745                   /lib/x86_64-linux-gnu/libc-2.24.so
7f5052ff4000-7f50531f3000 ---p 001be000 08:02 10098745                   /lib/x86_64-linux-gnu/libc-2.24.so
7f50531f3000-7f50531f7000 r--p 001bd000 08:02 10098745                   /lib/x86_64-linux-gnu/libc-2.24.so
7f50531f7000-7f50531f9000 rw-p 001c1000 08:02 10098745                   /lib/x86_64-linux-gnu/libc-2.24.so
7f50531f9000-7f50531fd000 rw-p 00000000 00:00 0 
7f50531fd000-7f5053213000 r-xp 00000000 08:02 5637637                    /home/nhahv0902/android-studio/jre/jre/lib/amd64/jli/libjli.so
7f5053213000-7f5053412000 ---p 00016000 08:02 5637637                    /home/nhahv0902/android-studio/jre/jre/lib/amd64/jli/libjli.so
7f5053412000-7f5053413000 r--p 00015000 08:02 5637637                    /home/nhahv0902/android-studio/jre/jre/lib/amd64/jli/libjli.so
7f5053413000-7f5053414000 rw-p 00016000 08:02 5637637                    /home/nhahv0902/android-studio/jre/jre/lib/amd64/jli/libjli.so
7f5053414000-7f505343a000 r-xp 00000000 08:02 10098741                   /lib/x86_64-linux-gnu/ld-2.24.so
7f5053510000-7f5053513000 ---p 00000000 00:00 0 
7f5053513000-7f5053613000 rw-p 00000000 00:00 0 
7f505362c000-7f5053634000 rw-s 00000000 08:02 2492385                    /tmp/hsperfdata_nhahv0902/6151
7f5053634000-7f5053635000 rw-p 00000000 00:00 0 
7f5053635000-7f5053636000 r--p 00000000 00:00 0 
7f5053636000-7f5053639000 rw-p 00000000 00:00 0 
7f5053639000-7f505363a000 r--p 00025000 08:02 10098741                   /lib/x86_64-linux-gnu/ld-2.24.so
7f505363a000-7f505363b000 rw-p 00026000 08:02 10098741                   /lib/x86_64-linux-gnu/ld-2.24.so
7f505363b000-7f505363c000 rw-p 00000000 00:00 0 
7ffccaa17000-7ffccab38000 rw-p 00000000 00:00 0                          [stack]
7ffccabd3000-7ffccabd5000 r--p 00000000 00:00 0                          [vvar]
7ffccabd5000-7ffccabd7000 r-xp 00000000 00:00 0                          [vdso]
ffffffffff600000-ffffffffff601000 r-xp 00000000 00:00 0                  [vsyscall]

VM Arguments:
jvm_args: -Djava.awt.headless=true -Djava.rmi.server.hostname=localhost -Xmx1536m -Dkotlin.environment.keepalive 
java_command: org.jetbrains.kotlin.daemon.KotlinCompileDaemon --daemon-runFilesPath /home/nhahv0902/.local/share/kotlin/daemon --daemon-autoshutdownIdleSeconds=7200 --daemon-compilerClasspath /home/nhahv0902/.gradle/caches/jars-3/b9e86258f18c08ee08f54ca052ae6b24/kotlin-compiler-embeddable-1.1.2-4.jar:/home/nhahv0902/android-studio/jre/lib/tools.jar
java_class_path (initial): /home/nhahv0902/.gradle/caches/jars-3/b9e86258f18c08ee08f54ca052ae6b24/kotlin-compiler-embeddable-1.1.2-4.jar:/home/nhahv0902/android-studio/jre/lib/tools.jar
Launcher Type: SUN_STANDARD

Environment Variables:
JAVA_HOME=/usr/local/java
PATH=/usr/local/sbin:/usr/local/bin:/usr/sbin:/usr/bin:/sbin:/bin:/usr/games:/usr/local/games:/snap/bin:/home/nhahv0902/bin:/usr/local/java/bin
LD_LIBRARY_PATH=.:
SHELL=/usr/bin/fish
DISPLAY=:0

Signal Handlers:
SIGSEGV: [libjvm.so+0x9e5260], sa_mask[0]=11111111011111111101111111111110, sa_flags=SA_RESTART|SA_SIGINFO
SIGBUS: [libjvm.so+0x9e5260], sa_mask[0]=11111111011111111101111111111110, sa_flags=SA_RESTART|SA_SIGINFO
SIGFPE: [libjvm.so+0x848480], sa_mask[0]=11111111011111111101111111111110, sa_flags=SA_RESTART|SA_SIGINFO
SIGPIPE: [libjvm.so+0x848480], sa_mask[0]=11111111011111111101111111111110, sa_flags=SA_RESTART|SA_SIGINFO
SIGXFSZ: [libjvm.so+0x848480], sa_mask[0]=11111111011111111101111111111110, sa_flags=SA_RESTART|SA_SIGINFO
SIGILL: [libjvm.so+0x848480], sa_mask[0]=11111111011111111101111111111110, sa_flags=SA_RESTART|SA_SIGINFO
SIGUSR1: SIG_DFL, sa_mask[0]=00000000000000000000000000000000, sa_flags=none
SIGUSR2: [libjvm.so+0x848350], sa_mask[0]=00100000000000000000000000000000, sa_flags=SA_RESTART|SA_SIGINFO
SIGHUP: SIG_DFL, sa_mask[0]=00000000000000000000000000000000, sa_flags=none
SIGINT: SIG_DFL, sa_mask[0]=00000000000000000000000000000000, sa_flags=none
SIGTERM: SIG_DFL, sa_mask[0]=00000000000000000000000000000000, sa_flags=none
SIGQUIT: SIG_DFL, sa_mask[0]=00000000000000000000000000000000, sa_flags=none


---------------  S Y S T E M  ---------------

OS:DISTRIB_ID=Ubuntu
DISTRIB_RELEASE=17.04
DISTRIB_CODENAME=zesty
DISTRIB_DESCRIPTION="Ubuntu 17.04"

uname:Linux 4.10.0-24-generic #28-Ubuntu SMP Wed Jun 14 08:14:34 UTC 2017 x86_64
libc:glibc 2.24 NPTL 2.24 
rlimit: STACK 8192k, CORE 0k, NPROC 30838, NOFILE 4096, AS infinity
load average:4.02 1.74 1.16

/proc/meminfo:
MemTotal:        8060908 kB
MemFree:          106304 kB
MemAvailable:       6204 kB
Buffers:             480 kB
Cached:           604976 kB
SwapCached:         2196 kB
Active:          6797928 kB
Inactive:         889036 kB
Active(anon):    6785316 kB
Inactive(anon):   876880 kB
Active(file):      12612 kB
Inactive(file):    12156 kB
Unevictable:         688 kB
Mlocked:             688 kB
SwapTotal:       2097148 kB
SwapFree:              0 kB
Dirty:                36 kB
Writeback:            56 kB
AnonPages:       7081772 kB
Mapped:           209064 kB
Shmem:            580552 kB
Slab:             115088 kB
SReclaimable:      54888 kB
SUnreclaim:        60200 kB
KernelStack:       15152 kB
PageTables:        74972 kB
NFS_Unstable:          0 kB
Bounce:                0 kB
WritebackTmp:          0 kB
CommitLimit:     6127600 kB
Committed_AS:   16876208 kB
VmallocTotal:   34359738367 kB
VmallocUsed:           0 kB
VmallocChunk:          0 kB
HardwareCorrupted:     0 kB
AnonHugePages:   1484800 kB
ShmemHugePages:        0 kB
ShmemPmdMapped:        0 kB
CmaTotal:              0 kB
CmaFree:               0 kB
HugePages_Total:       0
HugePages_Free:        0
HugePages_Rsvd:        0
HugePages_Surp:        0
Hugepagesize:       2048 kB
DirectMap4k:      287264 kB
DirectMap2M:     7991296 kB
DirectMap1G:           0 kB


CPU:total 4 (4 cores per cpu, 1 threads per core) family 6 model 94 stepping 3, cmov, cx8, fxsr, mmx, sse, sse2, sse3, ssse3, sse4.1, sse4.2, popcnt, avx, avx2, aes, clmul, erms, 3dnowpref, lzcnt, tsc, tscinvbit, bmi1, bmi2, adx

/proc/cpuinfo:
processor	: 0
vendor_id	: GenuineIntel
cpu family	: 6
model		: 94
model name	: Intel(R) Core(TM) i5-6400 CPU @ 2.70GHz
stepping	: 3
microcode	: 0xa6
cpu MHz		: 2199.847
cache size	: 6144 KB
physical id	: 0
siblings	: 4
core id		: 0
cpu cores	: 4
apicid		: 0
initial apicid	: 0
fpu		: yes
fpu_exception	: yes
cpuid level	: 22
wp		: yes
flags		: fpu vme de pse tsc msr pae mce cx8 apic sep mtrr pge mca cmov pat pse36 clflush dts acpi mmx fxsr sse sse2 ss ht tm pbe syscall nx pdpe1gb rdtscp lm constant_tsc art arch_perfmon pebs bts rep_good nopl xtopology nonstop_tsc aperfmperf tsc_known_freq pni pclmulqdq dtes64 monitor ds_cpl vmx est tm2 ssse3 sdbg fma cx16 xtpr pdcm pcid sse4_1 sse4_2 x2apic movbe popcnt tsc_deadline_timer aes xsave avx f16c rdrand lahf_lm abm 3dnowprefetch intel_pt tpr_shadow vnmi flexpriority ept vpid fsgsbase tsc_adjust bmi1 avx2 smep bmi2 erms invpcid mpx rdseed adx smap clflushopt xsaveopt xsavec xgetbv1 xsaves dtherm ida arat pln pts hwp hwp_notify hwp_act_window hwp_epp
bugs		:
bogomips	: 5424.00
clflush size	: 64
cache_alignment	: 64
address sizes	: 39 bits physical, 48 bits virtual
power management:

processor	: 1
vendor_id	: GenuineIntel
cpu family	: 6
model		: 94
model name	: Intel(R) Core(TM) i5-6400 CPU @ 2.70GHz
stepping	: 3
microcode	: 0xa6
cpu MHz		: 2199.847
cache size	: 6144 KB
physical id	: 0
siblings	: 4
core id		: 1
cpu cores	: 4
apicid		: 2
initial apicid	: 2
fpu		: yes
fpu_exception	: yes
cpuid level	: 22
wp		: yes
flags		: fpu vme de pse tsc msr pae mce cx8 apic sep mtrr pge mca cmov pat pse36 clflush dts acpi mmx fxsr sse sse2 ss ht tm pbe syscall nx pdpe1gb rdtscp lm constant_tsc art arch_perfmon pebs bts rep_good nopl xtopology nonstop_tsc aperfmperf tsc_known_freq pni pclmulqdq dtes64 monitor ds_cpl vmx est tm2 ssse3 sdbg fma cx16 xtpr pdcm pcid sse4_1 sse4_2 x2apic movbe popcnt tsc_deadline_timer aes xsave avx f16c rdrand lahf_lm abm 3dnowprefetch intel_pt tpr_shadow vnmi flexpriority ept vpid fsgsbase tsc_adjust bmi1 avx2 smep bmi2 erms invpcid mpx rdseed adx smap clflushopt xsaveopt xsavec xgetbv1 xsaves dtherm ida arat pln pts hwp hwp_notify hwp_act_window hwp_epp
bugs		:
bogomips	: 5424.00
clflush size	: 64
cache_alignment	: 64
address sizes	: 39 bits physical, 48 bits virtual
power management:

processor	: 2
vendor_id	: GenuineIntel
cpu family	: 6
model		: 94
model name	: Intel(R) Core(TM) i5-6400 CPU @ 2.70GHz
stepping	: 3
microcode	: 0xa6
cpu MHz		: 2199.847
cache size	: 6144 KB
physical id	: 0
siblings	: 4
core id		: 2
cpu cores	: 4
apicid		: 4
initial apicid	: 4
fpu		: yes
fpu_exception	: yes
cpuid level	: 22
wp		: yes
flags		: fpu vme de pse tsc msr pae mce cx8 apic sep mtrr pge mca cmov pat pse36 clflush dts acpi mmx fxsr sse sse2 ss ht tm pbe syscall nx pdpe1gb rdtscp lm constant_tsc art arch_perfmon pebs bts rep_good nopl xtopology nonstop_tsc aperfmperf tsc_known_freq pni pclmulqdq dtes64 monitor ds_cpl vmx est tm2 ssse3 sdbg fma cx16 xtpr pdcm pcid sse4_1 sse4_2 x2apic movbe popcnt tsc_deadline_timer aes xsave avx f16c rdrand lahf_lm abm 3dnowprefetch intel_pt tpr_shadow vnmi flexpriority ept vpid fsgsbase tsc_adjust bmi1 avx2 smep bmi2 erms invpcid mpx rdseed adx smap clflushopt xsaveopt xsavec xgetbv1 xsaves dtherm ida arat pln pts hwp hwp_notify hwp_act_window hwp_epp
bugs		:
bogomips	: 5424.00
clflush size	: 64
cache_alignment	: 64
address sizes	: 39 bits physical, 48 bits virtual
power management:

processor	: 3
vendor_id	: GenuineIntel
cpu family	: 6
model		: 94
model name	: Intel(R) Core(TM) i5-6400 CPU @ 2.70GHz
stepping	: 3
microcode	: 0xa6
cpu MHz		: 2200.012
cache size	: 6144 KB
physical id	: 0
siblings	: 4
core id		: 3
cpu cores	: 4
apicid		: 6
initial apicid	: 6
fpu		: yes
fpu_exception	: yes
cpuid level	: 22
wp		: yes
flags		: fpu vme de pse tsc msr pae mce cx8 apic sep mtrr pge mca cmov pat pse36 clflush dts acpi mmx fxsr sse sse2 ss ht tm pbe syscall nx pdpe1gb rdtscp lm constant_tsc art arch_perfmon pebs bts rep_good nopl xtopology nonstop_tsc aperfmperf tsc_known_freq pni pclmulqdq dtes64 monitor ds_cpl vmx est tm2 ssse3 sdbg fma cx16 xtpr pdcm pcid sse4_1 sse4_2 x2apic movbe popcnt tsc_deadline_timer aes xsave avx f16c rdrand lahf_lm abm 3dnowprefetch intel_pt tpr_shadow vnmi flexpriority ept vpid fsgsbase tsc_adjust bmi1 avx2 smep bmi2 erms invpcid mpx rdseed adx smap clflushopt xsaveopt xsavec xgetbv1 xsaves dtherm ida arat pln pts hwp hwp_notify hwp_act_window hwp_epp
bugs		:
bogomips	: 5424.00
clflush size	: 64
cache_alignment	: 64
address sizes	: 39 bits physical, 48 bits virtual
power management:



Memory: 4k page, physical 8060908k(106304k free), swap 2097148k(0k free)

vm_info: OpenJDK 64-Bit Server VM (25.112-b736) for linux-amd64 JRE (1.8.0_112-release-b736), built on Mar  6 2017 09:31:19 by "builder" with gcc 4.8.4

time: Thu Jun 22 13:27:46 2017
elapsed time: 1 seconds (0d 0h 0m 1s)

